<?xml version="1.0" encoding="UTF-8"?>
<!-- Generated by org.testng.reporters.JUnitReportReporter -->
<testsuite hostname="mindc1d196" failures="0" tests="1" name="TestCases.PayRentapp" time="8.159" errors="0" timestamp="2022-06-05T16:59:37 IST" skipped="0">
  <testcase classname="TestCases.PayRentapp" name="Payrent" time="8.159"/>
  <system-out/>
</testsuite> <!-- TestCases.PayRentapp -->
